<?xml version="1.0" encoding="UTF-8"?>
<robot generator="Robot 6.1.1 (Python 3.10.12 on linux)" generated="20231118 18:29:17.162" rpa="false" schemaversion="4">
<suite id="s1" name="Tests" source="/home/tasoki/palautusrepositorio/viikko3/login-robot/src/tests">
<suite id="s1-s1" name="Login" source="/home/tasoki/palautusrepositorio/viikko3/login-robot/src/tests/login.robot">
<test id="s1-s1-t1" name="Login With Correct Credentials" line="6">
<kw name="Create User And Input Login Command" type="SETUP">
<kw name="Create User" library="AppLibrary">
<arg>kalle</arg>
<arg>kalle123</arg>
<status status="PASS" starttime="20231118 18:29:17.176" endtime="20231118 18:29:17.176"/>
</kw>
<kw name="Input Login Command" library="resource">
<kw name="Input" library="AppLibrary">
<arg>login</arg>
<status status="PASS" starttime="20231118 18:29:17.176" endtime="20231118 18:29:17.176"/>
</kw>
<status status="PASS" starttime="20231118 18:29:17.176" endtime="20231118 18:29:17.176"/>
</kw>
<status status="PASS" starttime="20231118 18:29:17.176" endtime="20231118 18:29:17.176"/>
</kw>
<kw name="Input Credentials" library="resource">
<arg>kalle</arg>
<arg>kalle123</arg>
<kw name="Input" library="AppLibrary">
<arg>${username}</arg>
<status status="PASS" starttime="20231118 18:29:17.177" endtime="20231118 18:29:17.177"/>
</kw>
<kw name="Input" library="AppLibrary">
<arg>${password}</arg>
<status status="PASS" starttime="20231118 18:29:17.177" endtime="20231118 18:29:17.177"/>
</kw>
<kw name="Run Application" library="AppLibrary">
<status status="PASS" starttime="20231118 18:29:17.177" endtime="20231118 18:29:17.177"/>
</kw>
<status status="PASS" starttime="20231118 18:29:17.176" endtime="20231118 18:29:17.177"/>
</kw>
<kw name="Output Should Contain" library="AppLibrary">
<arg>Logged in</arg>
<status status="PASS" starttime="20231118 18:29:17.177" endtime="20231118 18:29:17.177"/>
</kw>
<status status="PASS" starttime="20231118 18:29:17.175" endtime="20231118 18:29:17.177"/>
</test>
<test id="s1-s1-t2" name="Login With Incorrect Password" line="10">
<kw name="Create User And Input Login Command" type="SETUP">
<kw name="Create User" library="AppLibrary">
<arg>kalle</arg>
<arg>kalle123</arg>
<status status="PASS" starttime="20231118 18:29:17.178" endtime="20231118 18:29:17.178"/>
</kw>
<kw name="Input Login Command" library="resource">
<kw name="Input" library="AppLibrary">
<arg>login</arg>
<status status="PASS" starttime="20231118 18:29:17.178" endtime="20231118 18:29:17.178"/>
</kw>
<status status="PASS" starttime="20231118 18:29:17.178" endtime="20231118 18:29:17.178"/>
</kw>
<status status="PASS" starttime="20231118 18:29:17.178" endtime="20231118 18:29:17.178"/>
</kw>
<kw name="Input Credentials" library="resource">
<arg>kalle</arg>
<arg>wrongpassword</arg>
<kw name="Input" library="AppLibrary">
<arg>${username}</arg>
<status status="PASS" starttime="20231118 18:29:17.178" endtime="20231118 18:29:17.178"/>
</kw>
<kw name="Input" library="AppLibrary">
<arg>${password}</arg>
<status status="PASS" starttime="20231118 18:29:17.178" endtime="20231118 18:29:17.178"/>
</kw>
<kw name="Run Application" library="AppLibrary">
<status status="PASS" starttime="20231118 18:29:17.179" endtime="20231118 18:29:17.179"/>
</kw>
<status status="PASS" starttime="20231118 18:29:17.178" endtime="20231118 18:29:17.179"/>
</kw>
<kw name="Output Should Contain" library="AppLibrary">
<arg>Invalid username or password</arg>
<status status="PASS" starttime="20231118 18:29:17.179" endtime="20231118 18:29:17.179"/>
</kw>
<status status="PASS" starttime="20231118 18:29:17.177" endtime="20231118 18:29:17.179"/>
</test>
<test id="s1-s1-t3" name="Login With Nonexistent Username" line="14">
<kw name="Create User And Input Login Command" type="SETUP">
<kw name="Create User" library="AppLibrary">
<arg>kalle</arg>
<arg>kalle123</arg>
<status status="PASS" starttime="20231118 18:29:17.179" endtime="20231118 18:29:17.179"/>
</kw>
<kw name="Input Login Command" library="resource">
<kw name="Input" library="AppLibrary">
<arg>login</arg>
<status status="PASS" starttime="20231118 18:29:17.179" endtime="20231118 18:29:17.180"/>
</kw>
<status status="PASS" starttime="20231118 18:29:17.179" endtime="20231118 18:29:17.180"/>
</kw>
<status status="PASS" starttime="20231118 18:29:17.179" endtime="20231118 18:29:17.180"/>
</kw>
<kw name="Input Credentials" library="resource">
<arg>nonexistentuser</arg>
<arg>password</arg>
<kw name="Input" library="AppLibrary">
<arg>${username}</arg>
<status status="PASS" starttime="20231118 18:29:17.180" endtime="20231118 18:29:17.180"/>
</kw>
<kw name="Input" library="AppLibrary">
<arg>${password}</arg>
<status status="PASS" starttime="20231118 18:29:17.180" endtime="20231118 18:29:17.180"/>
</kw>
<kw name="Run Application" library="AppLibrary">
<status status="PASS" starttime="20231118 18:29:17.180" endtime="20231118 18:29:17.180"/>
</kw>
<status status="PASS" starttime="20231118 18:29:17.180" endtime="20231118 18:29:17.180"/>
</kw>
<kw name="Output Should Contain" library="AppLibrary">
<arg>Invalid username or password</arg>
<status status="PASS" starttime="20231118 18:29:17.180" endtime="20231118 18:29:17.180"/>
</kw>
<status status="PASS" starttime="20231118 18:29:17.179" endtime="20231118 18:29:17.180"/>
</test>
<status status="PASS" starttime="20231118 18:29:17.172" endtime="20231118 18:29:17.181"/>
</suite>
<suite id="s1-s2" name="Register" source="/home/tasoki/palautusrepositorio/viikko3/login-robot/src/tests/register.robot">
<test id="s1-s2-t1" name="Register With Valid Username And Password" line="7">
<kw name="Create User And Input New Command" type="SETUP">
<kw name="Input New Command" library="resource">
<kw name="Input" library="AppLibrary">
<arg>new</arg>
<status status="PASS" starttime="20231118 18:29:17.182" endtime="20231118 18:29:17.183"/>
</kw>
<status status="PASS" starttime="20231118 18:29:17.182" endtime="20231118 18:29:17.183"/>
</kw>
<status status="PASS" starttime="20231118 18:29:17.182" endtime="20231118 18:29:17.183"/>
</kw>
<kw name="Input Credentials" library="resource">
<arg>kallee</arg>
<arg>kalle1234</arg>
<kw name="Input" library="AppLibrary">
<arg>${username}</arg>
<status status="PASS" starttime="20231118 18:29:17.183" endtime="20231118 18:29:17.183"/>
</kw>
<kw name="Input" library="AppLibrary">
<arg>${password}</arg>
<status status="PASS" starttime="20231118 18:29:17.183" endtime="20231118 18:29:17.183"/>
</kw>
<kw name="Run Application" library="AppLibrary">
<status status="PASS" starttime="20231118 18:29:17.183" endtime="20231118 18:29:17.183"/>
</kw>
<status status="PASS" starttime="20231118 18:29:17.183" endtime="20231118 18:29:17.183"/>
</kw>
<kw name="Output Should Contain" library="AppLibrary">
<arg>New user registered</arg>
<status status="PASS" starttime="20231118 18:29:17.183" endtime="20231118 18:29:17.183"/>
</kw>
<status status="PASS" starttime="20231118 18:29:17.182" endtime="20231118 18:29:17.183"/>
</test>
<test id="s1-s2-t2" name="Register With Already Taken Username And Valid Password" line="11">
<kw name="Create User And Input New Command" type="SETUP">
<kw name="Input New Command" library="resource">
<kw name="Input" library="AppLibrary">
<arg>new</arg>
<status status="PASS" starttime="20231118 18:29:17.184" endtime="20231118 18:29:17.184"/>
</kw>
<status status="PASS" starttime="20231118 18:29:17.184" endtime="20231118 18:29:17.184"/>
</kw>
<status status="PASS" starttime="20231118 18:29:17.184" endtime="20231118 18:29:17.184"/>
</kw>
<kw name="Input Credentials" library="resource">
<arg>kalle</arg>
<arg>kalle123</arg>
<kw name="Input" library="AppLibrary">
<arg>${username}</arg>
<status status="PASS" starttime="20231118 18:29:17.184" endtime="20231118 18:29:17.184"/>
</kw>
<kw name="Input" library="AppLibrary">
<arg>${password}</arg>
<status status="PASS" starttime="20231118 18:29:17.184" endtime="20231118 18:29:17.185"/>
</kw>
<kw name="Run Application" library="AppLibrary">
<status status="PASS" starttime="20231118 18:29:17.185" endtime="20231118 18:29:17.185"/>
</kw>
<status status="PASS" starttime="20231118 18:29:17.184" endtime="20231118 18:29:17.185"/>
</kw>
<kw name="Input New Command" library="resource">
<kw name="Input" library="AppLibrary">
<arg>new</arg>
<status status="PASS" starttime="20231118 18:29:17.185" endtime="20231118 18:29:17.185"/>
</kw>
<status status="PASS" starttime="20231118 18:29:17.185" endtime="20231118 18:29:17.185"/>
</kw>
<kw name="Input Credentials" library="resource">
<arg>kalle</arg>
<arg>kalle123</arg>
<kw name="Input" library="AppLibrary">
<arg>${username}</arg>
<status status="PASS" starttime="20231118 18:29:17.185" endtime="20231118 18:29:17.185"/>
</kw>
<kw name="Input" library="AppLibrary">
<arg>${password}</arg>
<status status="PASS" starttime="20231118 18:29:17.185" endtime="20231118 18:29:17.186"/>
</kw>
<kw name="Run Application" library="AppLibrary">
<status status="PASS" starttime="20231118 18:29:17.186" endtime="20231118 18:29:17.186"/>
</kw>
<status status="PASS" starttime="20231118 18:29:17.185" endtime="20231118 18:29:17.186"/>
</kw>
<kw name="Output Should Contain" library="AppLibrary">
<arg>username already exists</arg>
<status status="PASS" starttime="20231118 18:29:17.186" endtime="20231118 18:29:17.186"/>
</kw>
<status status="PASS" starttime="20231118 18:29:17.184" endtime="20231118 18:29:17.186"/>
</test>
<test id="s1-s2-t3" name="Register With Too Short Username And Valid Password" line="17">
<kw name="Create User And Input New Command" type="SETUP">
<kw name="Input New Command" library="resource">
<kw name="Input" library="AppLibrary">
<arg>new</arg>
<status status="PASS" starttime="20231118 18:29:17.186" endtime="20231118 18:29:17.187"/>
</kw>
<status status="PASS" starttime="20231118 18:29:17.186" endtime="20231118 18:29:17.187"/>
</kw>
<status status="PASS" starttime="20231118 18:29:17.186" endtime="20231118 18:29:17.187"/>
</kw>
<kw name="Input Credentials" library="resource">
<arg>ab</arg>
<arg>toimiva123</arg>
<kw name="Input" library="AppLibrary">
<arg>${username}</arg>
<status status="PASS" starttime="20231118 18:29:17.187" endtime="20231118 18:29:17.187"/>
</kw>
<kw name="Input" library="AppLibrary">
<arg>${password}</arg>
<status status="PASS" starttime="20231118 18:29:17.187" endtime="20231118 18:29:17.187"/>
</kw>
<kw name="Run Application" library="AppLibrary">
<status status="PASS" starttime="20231118 18:29:17.187" endtime="20231118 18:29:17.187"/>
</kw>
<status status="PASS" starttime="20231118 18:29:17.187" endtime="20231118 18:29:17.187"/>
</kw>
<kw name="Output Should Contain" library="AppLibrary">
<arg>Username should be at least 3 letters long</arg>
<status status="PASS" starttime="20231118 18:29:17.187" endtime="20231118 18:29:17.187"/>
</kw>
<status status="PASS" starttime="20231118 18:29:17.186" endtime="20231118 18:29:17.187"/>
</test>
<test id="s1-s2-t4" name="Register With Enough Long But Invalid Username And Valid Password" line="21">
<kw name="Create User And Input New Command" type="SETUP">
<kw name="Input New Command" library="resource">
<kw name="Input" library="AppLibrary">
<arg>new</arg>
<status status="PASS" starttime="20231118 18:29:17.188" endtime="20231118 18:29:17.188"/>
</kw>
<status status="PASS" starttime="20231118 18:29:17.188" endtime="20231118 18:29:17.188"/>
</kw>
<status status="PASS" starttime="20231118 18:29:17.188" endtime="20231118 18:29:17.188"/>
</kw>
<kw name="Input Credentials" library="resource">
<arg>12345</arg>
<arg>password123</arg>
<kw name="Input" library="AppLibrary">
<arg>${username}</arg>
<status status="PASS" starttime="20231118 18:29:17.188" endtime="20231118 18:29:17.188"/>
</kw>
<kw name="Input" library="AppLibrary">
<arg>${password}</arg>
<status status="PASS" starttime="20231118 18:29:17.188" endtime="20231118 18:29:17.188"/>
</kw>
<kw name="Run Application" library="AppLibrary">
<status status="PASS" starttime="20231118 18:29:17.188" endtime="20231118 18:29:17.189"/>
</kw>
<status status="PASS" starttime="20231118 18:29:17.188" endtime="20231118 18:29:17.189"/>
</kw>
<kw name="Output Should Contain" library="AppLibrary">
<arg>Username should contain only lowercase letters</arg>
<status status="PASS" starttime="20231118 18:29:17.189" endtime="20231118 18:29:17.189"/>
</kw>
<status status="PASS" starttime="20231118 18:29:17.187" endtime="20231118 18:29:17.189"/>
</test>
<test id="s1-s2-t5" name="Register With Valid Username And Too Short Password" line="25">
<kw name="Create User And Input New Command" type="SETUP">
<kw name="Input New Command" library="resource">
<kw name="Input" library="AppLibrary">
<arg>new</arg>
<status status="PASS" starttime="20231118 18:29:17.189" endtime="20231118 18:29:17.189"/>
</kw>
<status status="PASS" starttime="20231118 18:29:17.189" endtime="20231118 18:29:17.189"/>
</kw>
<status status="PASS" starttime="20231118 18:29:17.189" endtime="20231118 18:29:17.189"/>
</kw>
<kw name="Input Credentials" library="resource">
<arg>kayttaja</arg>
<arg>aa</arg>
<kw name="Input" library="AppLibrary">
<arg>${username}</arg>
<status status="PASS" starttime="20231118 18:29:17.190" endtime="20231118 18:29:17.190"/>
</kw>
<kw name="Input" library="AppLibrary">
<arg>${password}</arg>
<status status="PASS" starttime="20231118 18:29:17.190" endtime="20231118 18:29:17.190"/>
</kw>
<kw name="Run Application" library="AppLibrary">
<status status="PASS" starttime="20231118 18:29:17.190" endtime="20231118 18:29:17.190"/>
</kw>
<status status="PASS" starttime="20231118 18:29:17.189" endtime="20231118 18:29:17.190"/>
</kw>
<kw name="Output Should Contain" library="AppLibrary">
<arg>Password should not contain only letters</arg>
<status status="PASS" starttime="20231118 18:29:17.190" endtime="20231118 18:29:17.190"/>
</kw>
<status status="PASS" starttime="20231118 18:29:17.189" endtime="20231118 18:29:17.190"/>
</test>
<test id="s1-s2-t6" name="Register With Valid Username And Long Enough Password Containing Only Letters" line="29">
<kw name="Create User And Input New Command" type="SETUP">
<kw name="Input New Command" library="resource">
<kw name="Input" library="AppLibrary">
<arg>new</arg>
<status status="PASS" starttime="20231118 18:29:17.191" endtime="20231118 18:29:17.191"/>
</kw>
<status status="PASS" starttime="20231118 18:29:17.191" endtime="20231118 18:29:17.191"/>
</kw>
<status status="PASS" starttime="20231118 18:29:17.190" endtime="20231118 18:29:17.191"/>
</kw>
<kw name="Input Credentials" library="resource">
<arg>kaapo</arg>
<arg>vaarasalasana</arg>
<kw name="Input" library="AppLibrary">
<arg>${username}</arg>
<status status="PASS" starttime="20231118 18:29:17.191" endtime="20231118 18:29:17.191"/>
</kw>
<kw name="Input" library="AppLibrary">
<arg>${password}</arg>
<status status="PASS" starttime="20231118 18:29:17.191" endtime="20231118 18:29:17.191"/>
</kw>
<kw name="Run Application" library="AppLibrary">
<status status="PASS" starttime="20231118 18:29:17.191" endtime="20231118 18:29:17.191"/>
</kw>
<status status="PASS" starttime="20231118 18:29:17.191" endtime="20231118 18:29:17.191"/>
</kw>
<kw name="Output Should Contain" library="AppLibrary">
<arg>Password should not contain only letters</arg>
<status status="PASS" starttime="20231118 18:29:17.191" endtime="20231118 18:29:17.192"/>
</kw>
<status status="PASS" starttime="20231118 18:29:17.190" endtime="20231118 18:29:17.192"/>
</test>
<status status="PASS" starttime="20231118 18:29:17.181" endtime="20231118 18:29:17.192"/>
</suite>
<status status="PASS" starttime="20231118 18:29:17.162" endtime="20231118 18:29:17.192"/>
</suite>
<statistics>
<total>
<stat pass="9" fail="0" skip="0">All Tests</stat>
</total>
<tag>
</tag>
<suite>
<stat pass="9" fail="0" skip="0" id="s1" name="Tests">Tests</stat>
<stat pass="3" fail="0" skip="0" id="s1-s1" name="Login">Tests.Login</stat>
<stat pass="6" fail="0" skip="0" id="s1-s2" name="Register">Tests.Register</stat>
</suite>
</statistics>
<errors>
</errors>
</robot>
